[2024-05-07T10:56:03.894+0000] {processor.py:161} INFO - Started process (PID=13605) to work on /opt/airflow/dags/ETL_Server_Access_Log_Processing.py
[2024-05-07T10:56:03.895+0000] {processor.py:830} INFO - Processing file /opt/airflow/dags/ETL_Server_Access_Log_Processing.py for tasks to queue
[2024-05-07T10:56:03.900+0000] {logging_mixin.py:188} INFO - [2024-05-07T10:56:03.900+0000] {dagbag.py:545} INFO - Filling up the DagBag from /opt/airflow/dags/ETL_Server_Access_Log_Processing.py
[2024-05-07T10:56:03.958+0000] {processor.py:840} INFO - DAG(s) 'ETL_Server_Access_Log_Processing' retrieved from /opt/airflow/dags/ETL_Server_Access_Log_Processing.py
[2024-05-07T10:56:04.161+0000] {logging_mixin.py:188} INFO - [2024-05-07T10:56:04.159+0000] {override.py:1829} INFO - Created Permission View: can edit on DAG:ETL_Server_Access_Log_Processing
[2024-05-07T10:56:04.182+0000] {logging_mixin.py:188} INFO - [2024-05-07T10:56:04.182+0000] {override.py:1829} INFO - Created Permission View: can delete on DAG:ETL_Server_Access_Log_Processing
[2024-05-07T10:56:04.193+0000] {logging_mixin.py:188} INFO - [2024-05-07T10:56:04.192+0000] {override.py:1829} INFO - Created Permission View: can read on DAG:ETL_Server_Access_Log_Processing
[2024-05-07T10:56:04.193+0000] {logging_mixin.py:188} INFO - [2024-05-07T10:56:04.193+0000] {dag.py:3096} INFO - Sync 1 DAGs
[2024-05-07T10:56:04.210+0000] {logging_mixin.py:188} INFO - [2024-05-07T10:56:04.209+0000] {dag.py:3118} INFO - Creating ORM DAG for ETL_Server_Access_Log_Processing
[2024-05-07T10:56:04.222+0000] {logging_mixin.py:188} INFO - [2024-05-07T10:56:04.222+0000] {dag.py:3954} INFO - Setting next_dagrun for ETL_Server_Access_Log_Processing to 2024-05-07 00:00:00+00:00, run_after=2024-05-08 00:00:00+00:00
[2024-05-07T10:56:04.248+0000] {processor.py:183} INFO - Processing /opt/airflow/dags/ETL_Server_Access_Log_Processing.py took 0.364 seconds
[2024-05-07T10:56:35.160+0000] {processor.py:161} INFO - Started process (PID=13670) to work on /opt/airflow/dags/ETL_Server_Access_Log_Processing.py
[2024-05-07T10:56:35.161+0000] {processor.py:830} INFO - Processing file /opt/airflow/dags/ETL_Server_Access_Log_Processing.py for tasks to queue
[2024-05-07T10:56:35.164+0000] {logging_mixin.py:188} INFO - [2024-05-07T10:56:35.164+0000] {dagbag.py:545} INFO - Filling up the DagBag from /opt/airflow/dags/ETL_Server_Access_Log_Processing.py
[2024-05-07T10:56:35.187+0000] {processor.py:840} INFO - DAG(s) 'ETL_Server_Access_Log_Processing' retrieved from /opt/airflow/dags/ETL_Server_Access_Log_Processing.py
[2024-05-07T10:56:35.214+0000] {logging_mixin.py:188} INFO - [2024-05-07T10:56:35.214+0000] {dag.py:3096} INFO - Sync 1 DAGs
[2024-05-07T10:56:35.241+0000] {logging_mixin.py:188} INFO - [2024-05-07T10:56:35.241+0000] {dag.py:3954} INFO - Setting next_dagrun for ETL_Server_Access_Log_Processing to 2024-05-07 00:00:00+00:00, run_after=2024-05-08 00:00:00+00:00
[2024-05-07T10:56:35.266+0000] {processor.py:183} INFO - Processing /opt/airflow/dags/ETL_Server_Access_Log_Processing.py took 0.113 seconds
[2024-05-07T10:57:05.949+0000] {processor.py:161} INFO - Started process (PID=13729) to work on /opt/airflow/dags/ETL_Server_Access_Log_Processing.py
[2024-05-07T10:57:05.951+0000] {processor.py:830} INFO - Processing file /opt/airflow/dags/ETL_Server_Access_Log_Processing.py for tasks to queue
[2024-05-07T10:57:05.955+0000] {logging_mixin.py:188} INFO - [2024-05-07T10:57:05.954+0000] {dagbag.py:545} INFO - Filling up the DagBag from /opt/airflow/dags/ETL_Server_Access_Log_Processing.py
[2024-05-07T10:57:05.980+0000] {processor.py:840} INFO - DAG(s) 'ETL_Server_Access_Log_Processing' retrieved from /opt/airflow/dags/ETL_Server_Access_Log_Processing.py
[2024-05-07T10:57:06.013+0000] {logging_mixin.py:188} INFO - [2024-05-07T10:57:06.013+0000] {dag.py:3096} INFO - Sync 1 DAGs
[2024-05-07T10:57:06.067+0000] {logging_mixin.py:188} INFO - [2024-05-07T10:57:06.066+0000] {dag.py:3954} INFO - Setting next_dagrun for ETL_Server_Access_Log_Processing to 2024-05-07 00:00:00+00:00, run_after=2024-05-08 00:00:00+00:00
[2024-05-07T10:57:06.136+0000] {processor.py:183} INFO - Processing /opt/airflow/dags/ETL_Server_Access_Log_Processing.py took 0.199 seconds
[2024-05-07T10:57:36.580+0000] {processor.py:161} INFO - Started process (PID=13788) to work on /opt/airflow/dags/ETL_Server_Access_Log_Processing.py
[2024-05-07T10:57:36.582+0000] {processor.py:830} INFO - Processing file /opt/airflow/dags/ETL_Server_Access_Log_Processing.py for tasks to queue
[2024-05-07T10:57:36.586+0000] {logging_mixin.py:188} INFO - [2024-05-07T10:57:36.585+0000] {dagbag.py:545} INFO - Filling up the DagBag from /opt/airflow/dags/ETL_Server_Access_Log_Processing.py
[2024-05-07T10:57:36.613+0000] {processor.py:840} INFO - DAG(s) 'ETL_Server_Access_Log_Processing' retrieved from /opt/airflow/dags/ETL_Server_Access_Log_Processing.py
[2024-05-07T10:57:36.643+0000] {logging_mixin.py:188} INFO - [2024-05-07T10:57:36.643+0000] {dag.py:3096} INFO - Sync 1 DAGs
[2024-05-07T10:57:36.678+0000] {logging_mixin.py:188} INFO - [2024-05-07T10:57:36.678+0000] {dag.py:3954} INFO - Setting next_dagrun for ETL_Server_Access_Log_Processing to 2024-05-07 00:00:00+00:00, run_after=2024-05-08 00:00:00+00:00
[2024-05-07T10:57:36.710+0000] {processor.py:183} INFO - Processing /opt/airflow/dags/ETL_Server_Access_Log_Processing.py took 0.143 seconds
[2024-05-07T10:58:06.982+0000] {processor.py:161} INFO - Started process (PID=13847) to work on /opt/airflow/dags/ETL_Server_Access_Log_Processing.py
[2024-05-07T10:58:06.987+0000] {processor.py:830} INFO - Processing file /opt/airflow/dags/ETL_Server_Access_Log_Processing.py for tasks to queue
[2024-05-07T10:58:07.009+0000] {logging_mixin.py:188} INFO - [2024-05-07T10:58:07.007+0000] {dagbag.py:545} INFO - Filling up the DagBag from /opt/airflow/dags/ETL_Server_Access_Log_Processing.py
[2024-05-07T10:58:07.074+0000] {processor.py:840} INFO - DAG(s) 'ETL_Server_Access_Log_Processing' retrieved from /opt/airflow/dags/ETL_Server_Access_Log_Processing.py
[2024-05-07T10:58:07.194+0000] {logging_mixin.py:188} INFO - [2024-05-07T10:58:07.194+0000] {dag.py:3096} INFO - Sync 1 DAGs
[2024-05-07T10:58:07.272+0000] {logging_mixin.py:188} INFO - [2024-05-07T10:58:07.272+0000] {dag.py:3954} INFO - Setting next_dagrun for ETL_Server_Access_Log_Processing to 2024-05-07 00:00:00+00:00, run_after=2024-05-08 00:00:00+00:00
[2024-05-07T10:58:07.307+0000] {processor.py:183} INFO - Processing /opt/airflow/dags/ETL_Server_Access_Log_Processing.py took 0.392 seconds
[2024-05-07T10:58:37.557+0000] {processor.py:161} INFO - Started process (PID=13906) to work on /opt/airflow/dags/ETL_Server_Access_Log_Processing.py
[2024-05-07T10:58:37.562+0000] {processor.py:830} INFO - Processing file /opt/airflow/dags/ETL_Server_Access_Log_Processing.py for tasks to queue
[2024-05-07T10:58:37.568+0000] {logging_mixin.py:188} INFO - [2024-05-07T10:58:37.567+0000] {dagbag.py:545} INFO - Filling up the DagBag from /opt/airflow/dags/ETL_Server_Access_Log_Processing.py
[2024-05-07T10:58:37.597+0000] {processor.py:840} INFO - DAG(s) 'ETL_Server_Access_Log_Processing' retrieved from /opt/airflow/dags/ETL_Server_Access_Log_Processing.py
[2024-05-07T10:58:37.636+0000] {logging_mixin.py:188} INFO - [2024-05-07T10:58:37.635+0000] {dag.py:3096} INFO - Sync 1 DAGs
[2024-05-07T10:58:37.667+0000] {logging_mixin.py:188} INFO - [2024-05-07T10:58:37.667+0000] {dag.py:3954} INFO - Setting next_dagrun for ETL_Server_Access_Log_Processing to 2024-05-07 00:00:00+00:00, run_after=2024-05-08 00:00:00+00:00
[2024-05-07T10:58:37.694+0000] {processor.py:183} INFO - Processing /opt/airflow/dags/ETL_Server_Access_Log_Processing.py took 0.153 seconds
[2024-05-07T10:59:07.871+0000] {processor.py:161} INFO - Started process (PID=13965) to work on /opt/airflow/dags/ETL_Server_Access_Log_Processing.py
[2024-05-07T10:59:07.872+0000] {processor.py:830} INFO - Processing file /opt/airflow/dags/ETL_Server_Access_Log_Processing.py for tasks to queue
[2024-05-07T10:59:07.875+0000] {logging_mixin.py:188} INFO - [2024-05-07T10:59:07.874+0000] {dagbag.py:545} INFO - Filling up the DagBag from /opt/airflow/dags/ETL_Server_Access_Log_Processing.py
[2024-05-07T10:59:07.900+0000] {processor.py:840} INFO - DAG(s) 'ETL_Server_Access_Log_Processing' retrieved from /opt/airflow/dags/ETL_Server_Access_Log_Processing.py
[2024-05-07T10:59:07.922+0000] {logging_mixin.py:188} INFO - [2024-05-07T10:59:07.921+0000] {dag.py:3096} INFO - Sync 1 DAGs
[2024-05-07T10:59:07.947+0000] {logging_mixin.py:188} INFO - [2024-05-07T10:59:07.947+0000] {dag.py:3954} INFO - Setting next_dagrun for ETL_Server_Access_Log_Processing to 2024-05-07 00:00:00+00:00, run_after=2024-05-08 00:00:00+00:00
[2024-05-07T10:59:07.979+0000] {processor.py:183} INFO - Processing /opt/airflow/dags/ETL_Server_Access_Log_Processing.py took 0.115 seconds
[2024-05-07T10:59:38.647+0000] {processor.py:161} INFO - Started process (PID=14024) to work on /opt/airflow/dags/ETL_Server_Access_Log_Processing.py
[2024-05-07T10:59:38.649+0000] {processor.py:830} INFO - Processing file /opt/airflow/dags/ETL_Server_Access_Log_Processing.py for tasks to queue
[2024-05-07T10:59:38.652+0000] {logging_mixin.py:188} INFO - [2024-05-07T10:59:38.651+0000] {dagbag.py:545} INFO - Filling up the DagBag from /opt/airflow/dags/ETL_Server_Access_Log_Processing.py
[2024-05-07T10:59:38.686+0000] {processor.py:840} INFO - DAG(s) 'ETL_Server_Access_Log_Processing' retrieved from /opt/airflow/dags/ETL_Server_Access_Log_Processing.py
[2024-05-07T10:59:38.750+0000] {logging_mixin.py:188} INFO - [2024-05-07T10:59:38.749+0000] {dag.py:3096} INFO - Sync 1 DAGs
[2024-05-07T10:59:38.810+0000] {logging_mixin.py:188} INFO - [2024-05-07T10:59:38.808+0000] {dag.py:3954} INFO - Setting next_dagrun for ETL_Server_Access_Log_Processing to 2024-05-07 00:00:00+00:00, run_after=2024-05-08 00:00:00+00:00
[2024-05-07T10:59:38.873+0000] {processor.py:183} INFO - Processing /opt/airflow/dags/ETL_Server_Access_Log_Processing.py took 0.234 seconds
[2024-05-07T11:00:09.422+0000] {processor.py:161} INFO - Started process (PID=14083) to work on /opt/airflow/dags/ETL_Server_Access_Log_Processing.py
[2024-05-07T11:00:09.424+0000] {processor.py:830} INFO - Processing file /opt/airflow/dags/ETL_Server_Access_Log_Processing.py for tasks to queue
[2024-05-07T11:00:09.428+0000] {logging_mixin.py:188} INFO - [2024-05-07T11:00:09.427+0000] {dagbag.py:545} INFO - Filling up the DagBag from /opt/airflow/dags/ETL_Server_Access_Log_Processing.py
[2024-05-07T11:00:09.452+0000] {processor.py:840} INFO - DAG(s) 'ETL_Server_Access_Log_Processing' retrieved from /opt/airflow/dags/ETL_Server_Access_Log_Processing.py
[2024-05-07T11:00:09.486+0000] {logging_mixin.py:188} INFO - [2024-05-07T11:00:09.486+0000] {dag.py:3096} INFO - Sync 1 DAGs
[2024-05-07T11:00:09.530+0000] {logging_mixin.py:188} INFO - [2024-05-07T11:00:09.530+0000] {dag.py:3954} INFO - Setting next_dagrun for ETL_Server_Access_Log_Processing to 2024-05-07 00:00:00+00:00, run_after=2024-05-08 00:00:00+00:00
[2024-05-07T11:00:09.574+0000] {processor.py:183} INFO - Processing /opt/airflow/dags/ETL_Server_Access_Log_Processing.py took 0.162 seconds
[2024-05-07T11:00:39.788+0000] {processor.py:161} INFO - Started process (PID=14142) to work on /opt/airflow/dags/ETL_Server_Access_Log_Processing.py
[2024-05-07T11:00:39.791+0000] {processor.py:830} INFO - Processing file /opt/airflow/dags/ETL_Server_Access_Log_Processing.py for tasks to queue
[2024-05-07T11:00:39.794+0000] {logging_mixin.py:188} INFO - [2024-05-07T11:00:39.794+0000] {dagbag.py:545} INFO - Filling up the DagBag from /opt/airflow/dags/ETL_Server_Access_Log_Processing.py
[2024-05-07T11:00:39.822+0000] {processor.py:840} INFO - DAG(s) 'ETL_Server_Access_Log_Processing' retrieved from /opt/airflow/dags/ETL_Server_Access_Log_Processing.py
[2024-05-07T11:00:39.863+0000] {logging_mixin.py:188} INFO - [2024-05-07T11:00:39.862+0000] {dag.py:3096} INFO - Sync 1 DAGs
[2024-05-07T11:00:39.959+0000] {logging_mixin.py:188} INFO - [2024-05-07T11:00:39.958+0000] {dag.py:3954} INFO - Setting next_dagrun for ETL_Server_Access_Log_Processing to 2024-05-07 00:00:00+00:00, run_after=2024-05-08 00:00:00+00:00
[2024-05-07T11:00:40.020+0000] {processor.py:183} INFO - Processing /opt/airflow/dags/ETL_Server_Access_Log_Processing.py took 0.242 seconds
[2024-05-07T11:01:10.831+0000] {processor.py:161} INFO - Started process (PID=14198) to work on /opt/airflow/dags/ETL_Server_Access_Log_Processing.py
[2024-05-07T11:01:10.833+0000] {processor.py:830} INFO - Processing file /opt/airflow/dags/ETL_Server_Access_Log_Processing.py for tasks to queue
[2024-05-07T11:01:10.837+0000] {logging_mixin.py:188} INFO - [2024-05-07T11:01:10.836+0000] {dagbag.py:545} INFO - Filling up the DagBag from /opt/airflow/dags/ETL_Server_Access_Log_Processing.py
[2024-05-07T11:01:10.856+0000] {processor.py:840} INFO - DAG(s) 'ETL_Server_Access_Log_Processing' retrieved from /opt/airflow/dags/ETL_Server_Access_Log_Processing.py
[2024-05-07T11:01:10.893+0000] {logging_mixin.py:188} INFO - [2024-05-07T11:01:10.893+0000] {dag.py:3096} INFO - Sync 1 DAGs
[2024-05-07T11:01:10.936+0000] {logging_mixin.py:188} INFO - [2024-05-07T11:01:10.935+0000] {dag.py:3954} INFO - Setting next_dagrun for ETL_Server_Access_Log_Processing to 2024-05-07 00:00:00+00:00, run_after=2024-05-08 00:00:00+00:00
[2024-05-07T11:01:10.972+0000] {processor.py:183} INFO - Processing /opt/airflow/dags/ETL_Server_Access_Log_Processing.py took 0.148 seconds
[2024-05-07T11:01:41.126+0000] {processor.py:161} INFO - Started process (PID=14257) to work on /opt/airflow/dags/ETL_Server_Access_Log_Processing.py
[2024-05-07T11:01:41.128+0000] {processor.py:830} INFO - Processing file /opt/airflow/dags/ETL_Server_Access_Log_Processing.py for tasks to queue
[2024-05-07T11:01:41.132+0000] {logging_mixin.py:188} INFO - [2024-05-07T11:01:41.132+0000] {dagbag.py:545} INFO - Filling up the DagBag from /opt/airflow/dags/ETL_Server_Access_Log_Processing.py
[2024-05-07T11:01:41.158+0000] {processor.py:840} INFO - DAG(s) 'ETL_Server_Access_Log_Processing' retrieved from /opt/airflow/dags/ETL_Server_Access_Log_Processing.py
[2024-05-07T11:01:41.208+0000] {logging_mixin.py:188} INFO - [2024-05-07T11:01:41.207+0000] {dag.py:3096} INFO - Sync 1 DAGs
[2024-05-07T11:01:41.280+0000] {logging_mixin.py:188} INFO - [2024-05-07T11:01:41.280+0000] {dag.py:3954} INFO - Setting next_dagrun for ETL_Server_Access_Log_Processing to 2024-05-07 00:00:00+00:00, run_after=2024-05-08 00:00:00+00:00
[2024-05-07T11:01:41.337+0000] {processor.py:183} INFO - Processing /opt/airflow/dags/ETL_Server_Access_Log_Processing.py took 0.223 seconds
[2024-05-07T11:02:11.816+0000] {processor.py:161} INFO - Started process (PID=14316) to work on /opt/airflow/dags/ETL_Server_Access_Log_Processing.py
[2024-05-07T11:02:11.817+0000] {processor.py:830} INFO - Processing file /opt/airflow/dags/ETL_Server_Access_Log_Processing.py for tasks to queue
[2024-05-07T11:02:11.819+0000] {logging_mixin.py:188} INFO - [2024-05-07T11:02:11.819+0000] {dagbag.py:545} INFO - Filling up the DagBag from /opt/airflow/dags/ETL_Server_Access_Log_Processing.py
[2024-05-07T11:02:11.842+0000] {processor.py:840} INFO - DAG(s) 'ETL_Server_Access_Log_Processing' retrieved from /opt/airflow/dags/ETL_Server_Access_Log_Processing.py
[2024-05-07T11:02:11.867+0000] {logging_mixin.py:188} INFO - [2024-05-07T11:02:11.866+0000] {dag.py:3096} INFO - Sync 1 DAGs
[2024-05-07T11:02:11.896+0000] {logging_mixin.py:188} INFO - [2024-05-07T11:02:11.896+0000] {dag.py:3954} INFO - Setting next_dagrun for ETL_Server_Access_Log_Processing to 2024-05-07 00:00:00+00:00, run_after=2024-05-08 00:00:00+00:00
[2024-05-07T11:02:11.923+0000] {processor.py:183} INFO - Processing /opt/airflow/dags/ETL_Server_Access_Log_Processing.py took 0.114 seconds
[2024-05-07T11:02:42.156+0000] {processor.py:161} INFO - Started process (PID=14375) to work on /opt/airflow/dags/ETL_Server_Access_Log_Processing.py
[2024-05-07T11:02:42.157+0000] {processor.py:830} INFO - Processing file /opt/airflow/dags/ETL_Server_Access_Log_Processing.py for tasks to queue
[2024-05-07T11:02:42.160+0000] {logging_mixin.py:188} INFO - [2024-05-07T11:02:42.159+0000] {dagbag.py:545} INFO - Filling up the DagBag from /opt/airflow/dags/ETL_Server_Access_Log_Processing.py
[2024-05-07T11:02:42.183+0000] {processor.py:840} INFO - DAG(s) 'ETL_Server_Access_Log_Processing' retrieved from /opt/airflow/dags/ETL_Server_Access_Log_Processing.py
[2024-05-07T11:02:42.205+0000] {logging_mixin.py:188} INFO - [2024-05-07T11:02:42.204+0000] {dag.py:3096} INFO - Sync 1 DAGs
[2024-05-07T11:02:42.230+0000] {logging_mixin.py:188} INFO - [2024-05-07T11:02:42.230+0000] {dag.py:3954} INFO - Setting next_dagrun for ETL_Server_Access_Log_Processing to 2024-05-07 00:00:00+00:00, run_after=2024-05-08 00:00:00+00:00
[2024-05-07T11:02:42.256+0000] {processor.py:183} INFO - Processing /opt/airflow/dags/ETL_Server_Access_Log_Processing.py took 0.107 seconds
